<?xml version="1.0" encoding="UTF-8"?>
<!-- Generated by org.testng.reporters.JUnitXMLReporter -->
<testsuite ignored="0" hostname="Nagys-iMac.local" failures="0" tests="4" name="TestNG" time="32.5" errors="0" timestamp="2023-09-05T18:09:48 EDT">
  <testcase classname="Testlayer.LoginTest" name="Title" time="0.011"/>
  <testcase classname="Testlayer.LoginTest" name="Login" time="0.397"/>
  <testcase classname="Testlayer.LoginTest" name="Login" time="0.443"/>
  <testcase classname="Testlayer.LoginTest" name="Login" time="0.421"/>
</testsuite> <!-- TestNG -->
