<?xml version="1.0" encoding="UTF-8"?>
<!-- Generated by org.testng.reporters.JUnitXMLReporter -->
<testsuite ignored="0" hostname="Nagys-iMac.local" failures="0" tests="4" name="Default test" time="30.543" errors="0" timestamp="2023-09-05T18:00:31 EDT">
  <testcase classname="Testlayer.LoginTest" name="Title" time="0.009"/>
  <testcase classname="Testlayer.LoginTest" name="Login" time="0.386"/>
  <testcase classname="Testlayer.LoginTest" name="Login" time="0.383"/>
  <testcase classname="Testlayer.LoginTest" name="Login" time="0.367"/>
</testsuite> <!-- Default test -->
