<?xml version="1.0" encoding="UTF-8"?>
<testng-results ignored="0" total="4" passed="4" failed="0" skipped="0">
  <reporter-output>
  </reporter-output>
  <suite started-at="2023-09-05T18:09:15 EDT" name="OrangeHRM" finished-at="2023-09-05T18:09:48 EDT" duration-ms="32500">
    <groups>
    </groups>
    <test started-at="2023-09-05T18:09:15 EDT" name="TestNG" finished-at="2023-09-05T18:09:48 EDT" duration-ms="32500">
      <class name="Testlayer.LoginTest">
        <test-method is-config="true" signature="initsetup()[pri:0, instance:Testlayer.LoginTest@359df09a]" started-at="2023-09-05T18:09:16 EDT" name="initsetup" finished-at="2023-09-05T18:09:24 EDT" duration-ms="8561" status="PASS">
          <reporter-output>
          </reporter-output>
        </test-method> <!-- initsetup -->
        <test-method signature="Title()[pri:1, instance:Testlayer.LoginTest@359df09a]" started-at="2023-09-05T18:09:24 EDT" name="Title" finished-at="2023-09-05T18:09:24 EDT" duration-ms="11" status="PASS">
          <reporter-output>
          </reporter-output>
        </test-method> <!-- Title -->
        <test-method is-config="true" signature="quit()[pri:0, instance:Testlayer.LoginTest@359df09a]" started-at="2023-09-05T18:09:24 EDT" name="quit" finished-at="2023-09-05T18:09:25 EDT" duration-ms="857" status="PASS">
          <reporter-output>
          </reporter-output>
        </test-method> <!-- quit -->
        <test-method is-config="true" signature="initsetup()[pri:0, instance:Testlayer.LoginTest@359df09a]" started-at="2023-09-05T18:09:25 EDT" name="initsetup" finished-at="2023-09-05T18:09:32 EDT" duration-ms="6327" status="PASS">
          <reporter-output>
          </reporter-output>
        </test-method> <!-- initsetup -->
        <test-method signature="Login(java.lang.String,java.lang.String)[pri:2, instance:Testlayer.LoginTest@359df09a]" started-at="2023-09-05T18:09:32 EDT" name="Login" data-provider="Details" finished-at="2023-09-05T18:09:32 EDT" duration-ms="397" status="PASS">
          <params>
            <param index="0">
              <value>
                <![CDATA[Admin]]>
              </value>
            </param>
            <param index="1">
              <value>
                <![CDATA[admin123]]>
              </value>
            </param>
          </params>
          <reporter-output>
          </reporter-output>
        </test-method> <!-- Login -->
        <test-method is-config="true" signature="quit()[pri:0, instance:Testlayer.LoginTest@359df09a]" started-at="2023-09-05T18:09:32 EDT" name="quit" finished-at="2023-09-05T18:09:33 EDT" duration-ms="852" status="PASS">
          <reporter-output>
          </reporter-output>
        </test-method> <!-- quit -->
        <test-method is-config="true" signature="initsetup()[pri:0, instance:Testlayer.LoginTest@359df09a]" started-at="2023-09-05T18:09:33 EDT" name="initsetup" finished-at="2023-09-05T18:09:39 EDT" duration-ms="6070" status="PASS">
          <reporter-output>
          </reporter-output>
        </test-method> <!-- initsetup -->
        <test-method signature="Login(java.lang.String,java.lang.String)[pri:2, instance:Testlayer.LoginTest@359df09a]" started-at="2023-09-05T18:09:39 EDT" name="Login" data-provider="Details" finished-at="2023-09-05T18:09:40 EDT" duration-ms="443" status="PASS">
          <params>
            <param index="0">
              <value>
                <![CDATA[Admin]]>
              </value>
            </param>
            <param index="1">
              <value>
                <![CDATA[abcd]]>
              </value>
            </param>
          </params>
          <reporter-output>
          </reporter-output>
        </test-method> <!-- Login -->
        <test-method is-config="true" signature="quit()[pri:0, instance:Testlayer.LoginTest@359df09a]" started-at="2023-09-05T18:09:40 EDT" name="quit" finished-at="2023-09-05T18:09:40 EDT" duration-ms="837" status="PASS">
          <reporter-output>
          </reporter-output>
        </test-method> <!-- quit -->
        <test-method is-config="true" signature="initsetup()[pri:0, instance:Testlayer.LoginTest@359df09a]" started-at="2023-09-05T18:09:40 EDT" name="initsetup" finished-at="2023-09-05T18:09:47 EDT" duration-ms="6220" status="PASS">
          <reporter-output>
          </reporter-output>
        </test-method> <!-- initsetup -->
        <test-method signature="Login(java.lang.String,java.lang.String)[pri:2, instance:Testlayer.LoginTest@359df09a]" started-at="2023-09-05T18:09:47 EDT" name="Login" data-provider="Details" finished-at="2023-09-05T18:09:47 EDT" duration-ms="421" status="PASS">
          <params>
            <param index="0">
              <value>
                <![CDATA[scot]]>
              </value>
            </param>
            <param index="1">
              <value>
                <![CDATA[xyass]]>
              </value>
            </param>
          </params>
          <reporter-output>
          </reporter-output>
        </test-method> <!-- Login -->
        <test-method is-config="true" signature="quit()[pri:0, instance:Testlayer.LoginTest@359df09a]" started-at="2023-09-05T18:09:47 EDT" name="quit" finished-at="2023-09-05T18:09:48 EDT" duration-ms="917" status="PASS">
          <reporter-output>
          </reporter-output>
        </test-method> <!-- quit -->
      </class> <!-- Testlayer.LoginTest -->
    </test> <!-- TestNG -->
  </suite> <!-- OrangeHRM -->
</testng-results>
